Drill report for /home/gianluca/Progetti-CVS/ATARI/ESP32-BOBOARD-5V/ESP32-BOBOARD-5V.kicad_pcb
Created on Fri 19 Sep 2025 12:14:17 PM CEST

Copper Layer Stackup:
    =============================================================
    L1 :  F.Cu                      front
    L2 :  In1.Cu                    in1
    L3 :  In2.Cu                    in2
    L4 :  B.Cu                      back


Drill file 'ESP32-BOBOARD-5V-PTH.drl' contains
    plated through holes:
    =============================================================
    T1  0.30mm  0.012"  (4 holes)
    T2  0.40mm  0.016"  (45 holes)
    T3  0.60mm  0.024"  (36 holes)
    T4  0.65mm  0.026"  (4 holes)  (with 4 slots)
    T5  1.00mm  0.039"  (30 holes)

    Total plated holes count 119


Drill file 'ESP32-BOBOARD-5V-NPTH.drl' contains
    unplated through holes:
    =============================================================
    T1  0.60mm  0.024"  (1 hole)
    T2  0.63mm  0.025"  (2 holes)

    Total unplated holes count 3
